<?xml version="1.0" encoding="UTF-8"?>
<testsuite xmlns:xsi="http://www.w3.org/2001/XMLSchema-instance" xsi:noNamespaceSchemaLocation="https://maven.apache.org/surefire/maven-surefire-plugin/xsd/surefire-test-report.xsd" name="com.vodafone.iot.gdsp.demoCICD.repository.SampleEntityRepositoryTests" time="0.103" tests="3" errors="0" skipped="0" failures="0">
  <properties>
    <property name="sun.desktop" value="windows"/>
    <property name="awt.toolkit" value="sun.awt.windows.WToolkit"/>
    <property name="file.encoding.pkg" value="sun.io"/>
    <property name="java.specification.version" value="1.8"/>
    <property name="sun.cpu.isalist" value="amd64"/>
    <property name="sun.jnu.encoding" value="Cp1252"/>
    <property name="java.class.path" value="C:\GDSP\ProvisioningReArchitecture\DemoCICDService\demo-cicd-service\target\test-classes;C:\GDSP\ProvisioningReArchitecture\DemoCICDService\demo-cicd-service\target\classes;C:\Users\saisrujana.puridi\.m2\repository\org\springframework\boot\spring-boot-starter-web\2.1.3.RELEASE\spring-boot-starter-web-2.1.3.RELEASE.jar;C:\Users\saisrujana.puridi\.m2\repository\org\springframework\boot\spring-boot-starter\2.1.3.RELEASE\spring-boot-starter-2.1.3.RELEASE.jar;C:\Users\saisrujana.puridi\.m2\repository\org\springframework\boot\spring-boot-autoconfigure\2.1.3.RELEASE\spring-boot-autoconfigure-2.1.3.RELEASE.jar;C:\Users\saisrujana.puridi\.m2\repository\org\springframework\boot\spring-boot-starter-logging\2.1.3.RELEASE\spring-boot-starter-logging-2.1.3.RELEASE.jar;C:\Users\saisrujana.puridi\.m2\repository\org\apache\logging\log4j\log4j-to-slf4j\2.11.2\log4j-to-slf4j-2.11.2.jar;C:\Users\saisrujana.puridi\.m2\repository\org\apache\logging\log4j\log4j-api\2.11.2\log4j-api-2.11.2.jar;C:\Users\saisrujana.puridi\.m2\repository\org\slf4j\jul-to-slf4j\1.7.25\jul-to-slf4j-1.7.25.jar;C:\Users\saisrujana.puridi\.m2\repository\javax\annotation\javax.annotation-api\1.3.2\javax.annotation-api-1.3.2.jar;C:\Users\saisrujana.puridi\.m2\repository\org\springframework\boot\spring-boot-starter-json\2.1.3.RELEASE\spring-boot-starter-json-2.1.3.RELEASE.jar;C:\Users\saisrujana.puridi\.m2\repository\com\fasterxml\jackson\core\jackson-databind\2.9.8\jackson-databind-2.9.8.jar;C:\Users\saisrujana.puridi\.m2\repository\com\fasterxml\jackson\core\jackson-annotations\2.9.0\jackson-annotations-2.9.0.jar;C:\Users\saisrujana.puridi\.m2\repository\com\fasterxml\jackson\core\jackson-core\2.9.8\jackson-core-2.9.8.jar;C:\Users\saisrujana.puridi\.m2\repository\com\fasterxml\jackson\datatype\jackson-datatype-jdk8\2.9.8\jackson-datatype-jdk8-2.9.8.jar;C:\Users\saisrujana.puridi\.m2\repository\com\fasterxml\jackson\datatype\jackson-datatype-jsr310\2.9.8\jackson-datatype-jsr310-2.9.8.jar;C:\Users\saisrujana.puridi\.m2\repository\com\fasterxml\jackson\module\jackson-module-parameter-names\2.9.8\jackson-module-parameter-names-2.9.8.jar;C:\Users\saisrujana.puridi\.m2\repository\org\springframework\boot\spring-boot-starter-tomcat\2.1.3.RELEASE\spring-boot-starter-tomcat-2.1.3.RELEASE.jar;C:\Users\saisrujana.puridi\.m2\repository\org\apache\tomcat\embed\tomcat-embed-core\9.0.16\tomcat-embed-core-9.0.16.jar;C:\Users\saisrujana.puridi\.m2\repository\org\apache\tomcat\embed\tomcat-embed-el\9.0.16\tomcat-embed-el-9.0.16.jar;C:\Users\saisrujana.puridi\.m2\repository\org\apache\tomcat\embed\tomcat-embed-websocket\9.0.16\tomcat-embed-websocket-9.0.16.jar;C:\Users\saisrujana.puridi\.m2\repository\org\hibernate\validator\hibernate-validator\6.0.14.Final\hibernate-validator-6.0.14.Final.jar;C:\Users\saisrujana.puridi\.m2\repository\javax\validation\validation-api\2.0.1.Final\validation-api-2.0.1.Final.jar;C:\Users\saisrujana.puridi\.m2\repository\org\jboss\logging\jboss-logging\3.3.2.Final\jboss-logging-3.3.2.Final.jar;C:\Users\saisrujana.puridi\.m2\repository\com\fasterxml\classmate\1.4.0\classmate-1.4.0.jar;C:\Users\saisrujana.puridi\.m2\repository\org\springframework\spring-web\5.1.5.RELEASE\spring-web-5.1.5.RELEASE.jar;C:\Users\saisrujana.puridi\.m2\repository\org\springframework\spring-beans\5.1.5.RELEASE\spring-beans-5.1.5.RELEASE.jar;C:\Users\saisrujana.puridi\.m2\repository\org\springframework\spring-webmvc\5.1.5.RELEASE\spring-webmvc-5.1.5.RELEASE.jar;C:\Users\saisrujana.puridi\.m2\repository\org\springframework\spring-context\5.1.5.RELEASE\spring-context-5.1.5.RELEASE.jar;C:\Users\saisrujana.puridi\.m2\repository\org\springframework\spring-expression\5.1.5.RELEASE\spring-expression-5.1.5.RELEASE.jar;C:\Users\saisrujana.puridi\.m2\repository\org\springframework\boot\spring-boot-starter-security\2.1.3.RELEASE\spring-boot-starter-security-2.1.3.RELEASE.jar;C:\Users\saisrujana.puridi\.m2\repository\org\springframework\spring-aop\5.1.5.RELEASE\spring-aop-5.1.5.RELEASE.jar;C:\Users\saisrujana.puridi\.m2\repository\org\springframework\security\spring-security-config\5.1.4.RELEASE\spring-security-config-5.1.4.RELEASE.jar;C:\Users\saisrujana.puridi\.m2\repository\org\springframework\security\spring-security-core\5.1.4.RELEASE\spring-security-core-5.1.4.RELEASE.jar;C:\Users\saisrujana.puridi\.m2\repository\org\springframework\security\spring-security-web\5.1.4.RELEASE\spring-security-web-5.1.4.RELEASE.jar;C:\Users\saisrujana.puridi\.m2\repository\org\springframework\boot\spring-boot-starter-data-jpa\2.1.3.RELEASE\spring-boot-starter-data-jpa-2.1.3.RELEASE.jar;C:\Users\saisrujana.puridi\.m2\repository\org\springframework\boot\spring-boot-starter-aop\2.1.3.RELEASE\spring-boot-starter-aop-2.1.3.RELEASE.jar;C:\Users\saisrujana.puridi\.m2\repository\org\aspectj\aspectjweaver\1.9.2\aspectjweaver-1.9.2.jar;C:\Users\saisrujana.puridi\.m2\repository\org\springframework\boot\spring-boot-starter-jdbc\2.1.3.RELEASE\spring-boot-starter-jdbc-2.1.3.RELEASE.jar;C:\Users\saisrujana.puridi\.m2\repository\com\zaxxer\HikariCP\3.2.0\HikariCP-3.2.0.jar;C:\Users\saisrujana.puridi\.m2\repository\org\springframework\spring-jdbc\5.1.5.RELEASE\spring-jdbc-5.1.5.RELEASE.jar;C:\Users\saisrujana.puridi\.m2\repository\javax\transaction\javax.transaction-api\1.3\javax.transaction-api-1.3.jar;C:\Users\saisrujana.puridi\.m2\repository\javax\xml\bind\jaxb-api\2.3.1\jaxb-api-2.3.1.jar;C:\Users\saisrujana.puridi\.m2\repository\javax\activation\javax.activation-api\1.2.0\javax.activation-api-1.2.0.jar;C:\Users\saisrujana.puridi\.m2\repository\org\hibernate\hibernate-core\5.3.7.Final\hibernate-core-5.3.7.Final.jar;C:\Users\saisrujana.puridi\.m2\repository\javax\persistence\javax.persistence-api\2.2\javax.persistence-api-2.2.jar;C:\Users\saisrujana.puridi\.m2\repository\org\javassist\javassist\3.23.1-GA\javassist-3.23.1-GA.jar;C:\Users\saisrujana.puridi\.m2\repository\net\bytebuddy\byte-buddy\1.9.10\byte-buddy-1.9.10.jar;C:\Users\saisrujana.puridi\.m2\repository\antlr\antlr\2.7.7\antlr-2.7.7.jar;C:\Users\saisrujana.puridi\.m2\repository\org\jboss\jandex\2.0.5.Final\jandex-2.0.5.Final.jar;C:\Users\saisrujana.puridi\.m2\repository\org\dom4j\dom4j\2.1.1\dom4j-2.1.1.jar;C:\Users\saisrujana.puridi\.m2\repository\org\hibernate\common\hibernate-commons-annotations\5.0.4.Final\hibernate-commons-annotations-5.0.4.Final.jar;C:\Users\saisrujana.puridi\.m2\repository\org\springframework\data\spring-data-jpa\2.1.5.RELEASE\spring-data-jpa-2.1.5.RELEASE.jar;C:\Users\saisrujana.puridi\.m2\repository\org\springframework\data\spring-data-commons\2.1.5.RELEASE\spring-data-commons-2.1.5.RELEASE.jar;C:\Users\saisrujana.puridi\.m2\repository\org\springframework\spring-orm\5.1.5.RELEASE\spring-orm-5.1.5.RELEASE.jar;C:\Users\saisrujana.puridi\.m2\repository\org\springframework\spring-tx\5.1.5.RELEASE\spring-tx-5.1.5.RELEASE.jar;C:\Users\saisrujana.puridi\.m2\repository\org\springframework\spring-aspects\5.1.5.RELEASE\spring-aspects-5.1.5.RELEASE.jar;C:\Users\saisrujana.puridi\.m2\repository\org\hsqldb\hsqldb\2.4.1\hsqldb-2.4.1.jar;C:\Users\saisrujana.puridi\.m2\repository\org\liquibase\liquibase-core\3.6.3\liquibase-core-3.6.3.jar;C:\Users\saisrujana.puridi\.m2\repository\org\yaml\snakeyaml\1.23\snakeyaml-1.23.jar;C:\Users\saisrujana.puridi\.m2\repository\org\slf4j\slf4j-api\1.7.25\slf4j-api-1.7.25.jar;C:\Users\saisrujana.puridi\.m2\repository\org\modelmapper\modelmapper\2.3.2\modelmapper-2.3.2.jar;C:\Users\saisrujana.puridi\.m2\repository\org\projectlombok\lombok\1.18.6\lombok-1.18.6.jar;C:\Users\saisrujana.puridi\.m2\repository\com\github\danielwegener\logback-kafka-appender\0.2.0-RC2\logback-kafka-appender-0.2.0-RC2.jar;C:\Users\saisrujana.puridi\.m2\repository\org\apache\kafka\kafka-clients\2.0.1\kafka-clients-2.0.1.jar;C:\Users\saisrujana.puridi\.m2\repository\org\lz4\lz4-java\1.4.1\lz4-java-1.4.1.jar;C:\Users\saisrujana.puridi\.m2\repository\org\xerial\snappy\snappy-java\1.1.7.1\snappy-java-1.1.7.1.jar;C:\Users\saisrujana.puridi\.m2\repository\org\springframework\boot\spring-boot-starter-test\2.1.3.RELEASE\spring-boot-starter-test-2.1.3.RELEASE.jar;C:\Users\saisrujana.puridi\.m2\repository\org\springframework\boot\spring-boot-test\2.1.3.RELEASE\spring-boot-test-2.1.3.RELEASE.jar;C:\Users\saisrujana.puridi\.m2\repository\org\springframework\boot\spring-boot-test-autoconfigure\2.1.3.RELEASE\spring-boot-test-autoconfigure-2.1.3.RELEASE.jar;C:\Users\saisrujana.puridi\.m2\repository\com\jayway\jsonpath\json-path\2.4.0\json-path-2.4.0.jar;C:\Users\saisrujana.puridi\.m2\repository\net\minidev\json-smart\2.3\json-smart-2.3.jar;C:\Users\saisrujana.puridi\.m2\repository\net\minidev\accessors-smart\1.2\accessors-smart-1.2.jar;C:\Users\saisrujana.puridi\.m2\repository\org\ow2\asm\asm\5.0.4\asm-5.0.4.jar;C:\Users\saisrujana.puridi\.m2\repository\junit\junit\4.12\junit-4.12.jar;C:\Users\saisrujana.puridi\.m2\repository\org\assertj\assertj-core\3.11.1\assertj-core-3.11.1.jar;C:\Users\saisrujana.puridi\.m2\repository\org\mockito\mockito-core\2.23.4\mockito-core-2.23.4.jar;C:\Users\saisrujana.puridi\.m2\repository\net\bytebuddy\byte-buddy-agent\1.9.10\byte-buddy-agent-1.9.10.jar;C:\Users\saisrujana.puridi\.m2\repository\org\objenesis\objenesis\2.6\objenesis-2.6.jar;C:\Users\saisrujana.puridi\.m2\repository\org\hamcrest\hamcrest-core\1.3\hamcrest-core-1.3.jar;C:\Users\saisrujana.puridi\.m2\repository\org\hamcrest\hamcrest-library\1.3\hamcrest-library-1.3.jar;C:\Users\saisrujana.puridi\.m2\repository\org\skyscreamer\jsonassert\1.5.0\jsonassert-1.5.0.jar;C:\Users\saisrujana.puridi\.m2\repository\com\vaadin\external\google\android-json\0.0.20131108.vaadin1\android-json-0.0.20131108.vaadin1.jar;C:\Users\saisrujana.puridi\.m2\repository\org\springframework\spring-core\5.1.5.RELEASE\spring-core-5.1.5.RELEASE.jar;C:\Users\saisrujana.puridi\.m2\repository\org\springframework\spring-jcl\5.1.5.RELEASE\spring-jcl-5.1.5.RELEASE.jar;C:\Users\saisrujana.puridi\.m2\repository\org\springframework\spring-test\5.1.5.RELEASE\spring-test-5.1.5.RELEASE.jar;C:\Users\saisrujana.puridi\.m2\repository\org\xmlunit\xmlunit-core\2.6.2\xmlunit-core-2.6.2.jar;C:\Users\saisrujana.puridi\.m2\repository\org\codehaus\sonar-plugins\java\sonar-jacoco-listeners\1.2\sonar-jacoco-listeners-1.2.jar;C:\Users\saisrujana.puridi\.m2\repository\com\vodafone\m2m\m2m-commons\1.2.1\m2m-commons-1.2.1.jar;C:\Users\saisrujana.puridi\.m2\repository\org\springframework\boot\spring-boot\2.1.3.RELEASE\spring-boot-2.1.3.RELEASE.jar;C:\Users\saisrujana.puridi\.m2\repository\ch\qos\logback\logback-classic\1.2.3\logback-classic-1.2.3.jar;C:\Users\saisrujana.puridi\.m2\repository\ch\qos\logback\logback-core\1.2.3\logback-core-1.2.3.jar;C:\Users\saisrujana.puridi\.m2\repository\org\springframework\spring-jms\5.1.5.RELEASE\spring-jms-5.1.5.RELEASE.jar;C:\Users\saisrujana.puridi\.m2\repository\org\springframework\spring-messaging\5.1.5.RELEASE\spring-messaging-5.1.5.RELEASE.jar;C:\Users\saisrujana.puridi\.m2\repository\org\springframework\spring-oxm\5.1.5.RELEASE\spring-oxm-5.1.5.RELEASE.jar;C:\Users\saisrujana.puridi\.m2\repository\org\springframework\boot\spring-boot-configuration-processor\2.1.3.RELEASE\spring-boot-configuration-processor-2.1.3.RELEASE.jar;C:\Users\saisrujana.puridi\.m2\repository\org\springframework\ws\spring-ws-security\3.0.6.RELEASE\spring-ws-security-3.0.6.RELEASE.jar;C:\Users\saisrujana.puridi\.m2\repository\org\springframework\ws\spring-xml\3.0.6.RELEASE\spring-xml-3.0.6.RELEASE.jar;C:\Users\saisrujana.puridi\.m2\repository\org\springframework\ws\spring-ws-core\3.0.6.RELEASE\spring-ws-core-3.0.6.RELEASE.jar;C:\Users\saisrujana.puridi\.m2\repository\net\sf\ehcache\ehcache\2.10.6\ehcache-2.10.6.jar;C:\Users\saisrujana.puridi\.m2\repository\org\apache\wss4j\wss4j-ws-security-dom\2.2.0\wss4j-ws-security-dom-2.2.0.jar;C:\Users\saisrujana.puridi\.m2\repository\org\apache\wss4j\wss4j-ws-security-common\2.2.0\wss4j-ws-security-common-2.2.0.jar;C:\Users\saisrujana.puridi\.m2\repository\org\opensaml\opensaml-saml-impl\3.3.0\opensaml-saml-impl-3.3.0.jar;C:\Users\saisrujana.puridi\.m2\repository\org\opensaml\opensaml-profile-api\3.3.0\opensaml-profile-api-3.3.0.jar;C:\Users\saisrujana.puridi\.m2\repository\org\opensaml\opensaml-core\3.3.0\opensaml-core-3.3.0.jar;C:\Users\saisrujana.puridi\.m2\repository\io\dropwizard\metrics\metrics-core\4.0.5\metrics-core-4.0.5.jar;C:\Users\saisrujana.puridi\.m2\repository\org\opensaml\opensaml-saml-api\3.3.0\opensaml-saml-api-3.3.0.jar;C:\Users\saisrujana.puridi\.m2\repository\org\opensaml\opensaml-xmlsec-api\3.3.0\opensaml-xmlsec-api-3.3.0.jar;C:\Users\saisrujana.puridi\.m2\repository\org\opensaml\opensaml-soap-api\3.3.0\opensaml-soap-api-3.3.0.jar;C:\Users\saisrujana.puridi\.m2\repository\org\opensaml\opensaml-security-impl\3.3.0\opensaml-security-impl-3.3.0.jar;C:\Users\saisrujana.puridi\.m2\repository\org\opensaml\opensaml-security-api\3.3.0\opensaml-security-api-3.3.0.jar;C:\Users\saisrujana.puridi\.m2\repository\org\cryptacular\cryptacular\1.1.1\cryptacular-1.1.1.jar;C:\Users\saisrujana.puridi\.m2\repository\org\bouncycastle\bcprov-jdk15on\1.54\bcprov-jdk15on-1.54.jar;C:\Users\saisrujana.puridi\.m2\repository\org\opensaml\opensaml-xmlsec-impl\3.3.0\opensaml-xmlsec-impl-3.3.0.jar;C:\Users\saisrujana.puridi\.m2\repository\net\shibboleth\utilities\java-support\7.3.0\java-support-7.3.0.jar;C:\Users\saisrujana.puridi\.m2\repository\com\google\guava\guava\19.0\guava-19.0.jar;C:\Users\saisrujana.puridi\.m2\repository\org\opensaml\opensaml-xacml-impl\3.3.0\opensaml-xacml-impl-3.3.0.jar;C:\Users\saisrujana.puridi\.m2\repository\org\opensaml\opensaml-xacml-api\3.3.0\opensaml-xacml-api-3.3.0.jar;C:\Users\saisrujana.puridi\.m2\repository\org\opensaml\opensaml-xacml-saml-impl\3.3.0\opensaml-xacml-saml-impl-3.3.0.jar;C:\Users\saisrujana.puridi\.m2\repository\org\opensaml\opensaml-xacml-saml-api\3.3.0\opensaml-xacml-saml-api-3.3.0.jar;C:\Users\saisrujana.puridi\.m2\repository\org\jasypt\jasypt\1.9.2\jasypt-1.9.2.jar;C:\Users\saisrujana.puridi\.m2\repository\org\apache\geronimo\javamail\geronimo-javamail_1.4_mail\1.8.4\geronimo-javamail_1.4_mail-1.8.4.jar;C:\Users\saisrujana.puridi\.m2\repository\org\apache\santuario\xmlsec\2.1.0\xmlsec-2.1.0.jar;C:\Users\saisrujana.puridi\.m2\repository\commons-codec\commons-codec\1.11\commons-codec-1.11.jar;C:\Users\saisrujana.puridi\.m2\repository\commons-io\commons-io\2.5\commons-io-2.5.jar;C:\Users\saisrujana.puridi\.m2\repository\org\apache\ws\security\wss4j\1.6.18\wss4j-1.6.18.jar;C:\Users\saisrujana.puridi\.m2\repository\commons-logging\commons-logging\1.1.1\commons-logging-1.1.1.jar;C:\Users\saisrujana.puridi\.m2\repository\org\opensaml\opensaml\2.5.1-1\opensaml-2.5.1-1.jar;C:\Users\saisrujana.puridi\.m2\repository\org\opensaml\openws\1.4.2-1\openws-1.4.2-1.jar;C:\Users\saisrujana.puridi\.m2\repository\org\opensaml\xmltooling\1.3.2-1\xmltooling-1.3.2-1.jar;C:\Users\saisrujana.puridi\.m2\repository\joda-time\joda-time\2.10.1\joda-time-2.10.1.jar;C:\Users\saisrujana.puridi\.m2\repository\org\aspectj\aspectjrt\1.9.2\aspectjrt-1.9.2.jar;C:\Users\saisrujana.puridi\.m2\repository\org\jdom\jdom2\2.0.6\jdom2-2.0.6.jar;C:\Users\saisrujana.puridi\.m2\repository\jaxen\jaxen\1.1.6\jaxen-1.1.6.jar;C:\Users\saisrujana.puridi\.m2\repository\com\sun\xml\messaging\saaj\saaj-impl\1.5.0\saaj-impl-1.5.0.jar;C:\Users\saisrujana.puridi\.m2\repository\javax\xml\soap\javax.xml.soap-api\1.4.0\javax.xml.soap-api-1.4.0.jar;C:\Users\saisrujana.puridi\.m2\repository\org\jvnet\mimepull\mimepull\1.9.11\mimepull-1.9.11.jar;C:\Users\saisrujana.puridi\.m2\repository\org\jvnet\staxex\stax-ex\1.8\stax-ex-1.8.jar;C:\Users\saisrujana.puridi\.m2\repository\javax\activation\activation\1.1\activation-1.1.jar;C:\Users\saisrujana.puridi\.m2\repository\javax\jms\javax.jms-api\2.0.1\javax.jms-api-2.0.1.jar;C:\Users\saisrujana.puridi\.m2\repository\org\springframework\boot\spring-boot-starter-actuator\2.1.3.RELEASE\spring-boot-starter-actuator-2.1.3.RELEASE.jar;C:\Users\saisrujana.puridi\.m2\repository\org\springframework\boot\spring-boot-actuator-autoconfigure\2.1.3.RELEASE\spring-boot-actuator-autoconfigure-2.1.3.RELEASE.jar;C:\Users\saisrujana.puridi\.m2\repository\org\springframework\boot\spring-boot-actuator\2.1.3.RELEASE\spring-boot-actuator-2.1.3.RELEASE.jar;C:\Users\saisrujana.puridi\.m2\repository\io\micrometer\micrometer-core\1.1.3\micrometer-core-1.1.3.jar;C:\Users\saisrujana.puridi\.m2\repository\org\hdrhistogram\HdrHistogram\2.1.9\HdrHistogram-2.1.9.jar;C:\Users\saisrujana.puridi\.m2\repository\org\latencyutils\LatencyUtils\2.0.3\LatencyUtils-2.0.3.jar;"/>
    <property name="java.vm.vendor" value="Oracle Corporation"/>
    <property name="sun.arch.data.model" value="64"/>
    <property name="user.variant" value=""/>
    <property name="java.vendor.url" value="http://java.oracle.com/"/>
    <property name="user.timezone" value="Asia/Calcutta"/>
    <property name="java.vm.specification.version" value="1.8"/>
    <property name="os.name" value="Windows 10"/>
    <property name="user.country" value="US"/>
    <property name="sun.java.launcher" value="SUN_STANDARD"/>
    <property name="sun.boot.library.path" value="C:\Program Files\Java\jdk1.8.0_141\jre\bin"/>
    <property name="sun.java.command" value="C:\Users\SAISRU~1.PUR\AppData\Local\Temp\surefire7722342427173781088\surefirebooter7973208317259220036.jar C:\Users\saisrujana.puridi\AppData\Local\Temp\surefire7722342427173781088 2021-01-22T16-15-21_269-jvmRun1 surefire1362764328661726722tmp surefire_02106751126468603438tmp"/>
    <property name="surefire.test.class.path" value="C:\GDSP\ProvisioningReArchitecture\DemoCICDService\demo-cicd-service\target\test-classes;C:\GDSP\ProvisioningReArchitecture\DemoCICDService\demo-cicd-service\target\classes;C:\Users\saisrujana.puridi\.m2\repository\org\springframework\boot\spring-boot-starter-web\2.1.3.RELEASE\spring-boot-starter-web-2.1.3.RELEASE.jar;C:\Users\saisrujana.puridi\.m2\repository\org\springframework\boot\spring-boot-starter\2.1.3.RELEASE\spring-boot-starter-2.1.3.RELEASE.jar;C:\Users\saisrujana.puridi\.m2\repository\org\springframework\boot\spring-boot-autoconfigure\2.1.3.RELEASE\spring-boot-autoconfigure-2.1.3.RELEASE.jar;C:\Users\saisrujana.puridi\.m2\repository\org\springframework\boot\spring-boot-starter-logging\2.1.3.RELEASE\spring-boot-starter-logging-2.1.3.RELEASE.jar;C:\Users\saisrujana.puridi\.m2\repository\org\apache\logging\log4j\log4j-to-slf4j\2.11.2\log4j-to-slf4j-2.11.2.jar;C:\Users\saisrujana.puridi\.m2\repository\org\apache\logging\log4j\log4j-api\2.11.2\log4j-api-2.11.2.jar;C:\Users\saisrujana.puridi\.m2\repository\org\slf4j\jul-to-slf4j\1.7.25\jul-to-slf4j-1.7.25.jar;C:\Users\saisrujana.puridi\.m2\repository\javax\annotation\javax.annotation-api\1.3.2\javax.annotation-api-1.3.2.jar;C:\Users\saisrujana.puridi\.m2\repository\org\springframework\boot\spring-boot-starter-json\2.1.3.RELEASE\spring-boot-starter-json-2.1.3.RELEASE.jar;C:\Users\saisrujana.puridi\.m2\repository\com\fasterxml\jackson\core\jackson-databind\2.9.8\jackson-databind-2.9.8.jar;C:\Users\saisrujana.puridi\.m2\repository\com\fasterxml\jackson\core\jackson-annotations\2.9.0\jackson-annotations-2.9.0.jar;C:\Users\saisrujana.puridi\.m2\repository\com\fasterxml\jackson\core\jackson-core\2.9.8\jackson-core-2.9.8.jar;C:\Users\saisrujana.puridi\.m2\repository\com\fasterxml\jackson\datatype\jackson-datatype-jdk8\2.9.8\jackson-datatype-jdk8-2.9.8.jar;C:\Users\saisrujana.puridi\.m2\repository\com\fasterxml\jackson\datatype\jackson-datatype-jsr310\2.9.8\jackson-datatype-jsr310-2.9.8.jar;C:\Users\saisrujana.puridi\.m2\repository\com\fasterxml\jackson\module\jackson-module-parameter-names\2.9.8\jackson-module-parameter-names-2.9.8.jar;C:\Users\saisrujana.puridi\.m2\repository\org\springframework\boot\spring-boot-starter-tomcat\2.1.3.RELEASE\spring-boot-starter-tomcat-2.1.3.RELEASE.jar;C:\Users\saisrujana.puridi\.m2\repository\org\apache\tomcat\embed\tomcat-embed-core\9.0.16\tomcat-embed-core-9.0.16.jar;C:\Users\saisrujana.puridi\.m2\repository\org\apache\tomcat\embed\tomcat-embed-el\9.0.16\tomcat-embed-el-9.0.16.jar;C:\Users\saisrujana.puridi\.m2\repository\org\apache\tomcat\embed\tomcat-embed-websocket\9.0.16\tomcat-embed-websocket-9.0.16.jar;C:\Users\saisrujana.puridi\.m2\repository\org\hibernate\validator\hibernate-validator\6.0.14.Final\hibernate-validator-6.0.14.Final.jar;C:\Users\saisrujana.puridi\.m2\repository\javax\validation\validation-api\2.0.1.Final\validation-api-2.0.1.Final.jar;C:\Users\saisrujana.puridi\.m2\repository\org\jboss\logging\jboss-logging\3.3.2.Final\jboss-logging-3.3.2.Final.jar;C:\Users\saisrujana.puridi\.m2\repository\com\fasterxml\classmate\1.4.0\classmate-1.4.0.jar;C:\Users\saisrujana.puridi\.m2\repository\org\springframework\spring-web\5.1.5.RELEASE\spring-web-5.1.5.RELEASE.jar;C:\Users\saisrujana.puridi\.m2\repository\org\springframework\spring-beans\5.1.5.RELEASE\spring-beans-5.1.5.RELEASE.jar;C:\Users\saisrujana.puridi\.m2\repository\org\springframework\spring-webmvc\5.1.5.RELEASE\spring-webmvc-5.1.5.RELEASE.jar;C:\Users\saisrujana.puridi\.m2\repository\org\springframework\spring-context\5.1.5.RELEASE\spring-context-5.1.5.RELEASE.jar;C:\Users\saisrujana.puridi\.m2\repository\org\springframework\spring-expression\5.1.5.RELEASE\spring-expression-5.1.5.RELEASE.jar;C:\Users\saisrujana.puridi\.m2\repository\org\springframework\boot\spring-boot-starter-security\2.1.3.RELEASE\spring-boot-starter-security-2.1.3.RELEASE.jar;C:\Users\saisrujana.puridi\.m2\repository\org\springframework\spring-aop\5.1.5.RELEASE\spring-aop-5.1.5.RELEASE.jar;C:\Users\saisrujana.puridi\.m2\repository\org\springframework\security\spring-security-config\5.1.4.RELEASE\spring-security-config-5.1.4.RELEASE.jar;C:\Users\saisrujana.puridi\.m2\repository\org\springframework\security\spring-security-core\5.1.4.RELEASE\spring-security-core-5.1.4.RELEASE.jar;C:\Users\saisrujana.puridi\.m2\repository\org\springframework\security\spring-security-web\5.1.4.RELEASE\spring-security-web-5.1.4.RELEASE.jar;C:\Users\saisrujana.puridi\.m2\repository\org\springframework\boot\spring-boot-starter-data-jpa\2.1.3.RELEASE\spring-boot-starter-data-jpa-2.1.3.RELEASE.jar;C:\Users\saisrujana.puridi\.m2\repository\org\springframework\boot\spring-boot-starter-aop\2.1.3.RELEASE\spring-boot-starter-aop-2.1.3.RELEASE.jar;C:\Users\saisrujana.puridi\.m2\repository\org\aspectj\aspectjweaver\1.9.2\aspectjweaver-1.9.2.jar;C:\Users\saisrujana.puridi\.m2\repository\org\springframework\boot\spring-boot-starter-jdbc\2.1.3.RELEASE\spring-boot-starter-jdbc-2.1.3.RELEASE.jar;C:\Users\saisrujana.puridi\.m2\repository\com\zaxxer\HikariCP\3.2.0\HikariCP-3.2.0.jar;C:\Users\saisrujana.puridi\.m2\repository\org\springframework\spring-jdbc\5.1.5.RELEASE\spring-jdbc-5.1.5.RELEASE.jar;C:\Users\saisrujana.puridi\.m2\repository\javax\transaction\javax.transaction-api\1.3\javax.transaction-api-1.3.jar;C:\Users\saisrujana.puridi\.m2\repository\javax\xml\bind\jaxb-api\2.3.1\jaxb-api-2.3.1.jar;C:\Users\saisrujana.puridi\.m2\repository\javax\activation\javax.activation-api\1.2.0\javax.activation-api-1.2.0.jar;C:\Users\saisrujana.puridi\.m2\repository\org\hibernate\hibernate-core\5.3.7.Final\hibernate-core-5.3.7.Final.jar;C:\Users\saisrujana.puridi\.m2\repository\javax\persistence\javax.persistence-api\2.2\javax.persistence-api-2.2.jar;C:\Users\saisrujana.puridi\.m2\repository\org\javassist\javassist\3.23.1-GA\javassist-3.23.1-GA.jar;C:\Users\saisrujana.puridi\.m2\repository\net\bytebuddy\byte-buddy\1.9.10\byte-buddy-1.9.10.jar;C:\Users\saisrujana.puridi\.m2\repository\antlr\antlr\2.7.7\antlr-2.7.7.jar;C:\Users\saisrujana.puridi\.m2\repository\org\jboss\jandex\2.0.5.Final\jandex-2.0.5.Final.jar;C:\Users\saisrujana.puridi\.m2\repository\org\dom4j\dom4j\2.1.1\dom4j-2.1.1.jar;C:\Users\saisrujana.puridi\.m2\repository\org\hibernate\common\hibernate-commons-annotations\5.0.4.Final\hibernate-commons-annotations-5.0.4.Final.jar;C:\Users\saisrujana.puridi\.m2\repository\org\springframework\data\spring-data-jpa\2.1.5.RELEASE\spring-data-jpa-2.1.5.RELEASE.jar;C:\Users\saisrujana.puridi\.m2\repository\org\springframework\data\spring-data-commons\2.1.5.RELEASE\spring-data-commons-2.1.5.RELEASE.jar;C:\Users\saisrujana.puridi\.m2\repository\org\springframework\spring-orm\5.1.5.RELEASE\spring-orm-5.1.5.RELEASE.jar;C:\Users\saisrujana.puridi\.m2\repository\org\springframework\spring-tx\5.1.5.RELEASE\spring-tx-5.1.5.RELEASE.jar;C:\Users\saisrujana.puridi\.m2\repository\org\springframework\spring-aspects\5.1.5.RELEASE\spring-aspects-5.1.5.RELEASE.jar;C:\Users\saisrujana.puridi\.m2\repository\org\hsqldb\hsqldb\2.4.1\hsqldb-2.4.1.jar;C:\Users\saisrujana.puridi\.m2\repository\org\liquibase\liquibase-core\3.6.3\liquibase-core-3.6.3.jar;C:\Users\saisrujana.puridi\.m2\repository\org\yaml\snakeyaml\1.23\snakeyaml-1.23.jar;C:\Users\saisrujana.puridi\.m2\repository\org\slf4j\slf4j-api\1.7.25\slf4j-api-1.7.25.jar;C:\Users\saisrujana.puridi\.m2\repository\org\modelmapper\modelmapper\2.3.2\modelmapper-2.3.2.jar;C:\Users\saisrujana.puridi\.m2\repository\org\projectlombok\lombok\1.18.6\lombok-1.18.6.jar;C:\Users\saisrujana.puridi\.m2\repository\com\github\danielwegener\logback-kafka-appender\0.2.0-RC2\logback-kafka-appender-0.2.0-RC2.jar;C:\Users\saisrujana.puridi\.m2\repository\org\apache\kafka\kafka-clients\2.0.1\kafka-clients-2.0.1.jar;C:\Users\saisrujana.puridi\.m2\repository\org\lz4\lz4-java\1.4.1\lz4-java-1.4.1.jar;C:\Users\saisrujana.puridi\.m2\repository\org\xerial\snappy\snappy-java\1.1.7.1\snappy-java-1.1.7.1.jar;C:\Users\saisrujana.puridi\.m2\repository\org\springframework\boot\spring-boot-starter-test\2.1.3.RELEASE\spring-boot-starter-test-2.1.3.RELEASE.jar;C:\Users\saisrujana.puridi\.m2\repository\org\springframework\boot\spring-boot-test\2.1.3.RELEASE\spring-boot-test-2.1.3.RELEASE.jar;C:\Users\saisrujana.puridi\.m2\repository\org\springframework\boot\spring-boot-test-autoconfigure\2.1.3.RELEASE\spring-boot-test-autoconfigure-2.1.3.RELEASE.jar;C:\Users\saisrujana.puridi\.m2\repository\com\jayway\jsonpath\json-path\2.4.0\json-path-2.4.0.jar;C:\Users\saisrujana.puridi\.m2\repository\net\minidev\json-smart\2.3\json-smart-2.3.jar;C:\Users\saisrujana.puridi\.m2\repository\net\minidev\accessors-smart\1.2\accessors-smart-1.2.jar;C:\Users\saisrujana.puridi\.m2\repository\org\ow2\asm\asm\5.0.4\asm-5.0.4.jar;C:\Users\saisrujana.puridi\.m2\repository\junit\junit\4.12\junit-4.12.jar;C:\Users\saisrujana.puridi\.m2\repository\org\assertj\assertj-core\3.11.1\assertj-core-3.11.1.jar;C:\Users\saisrujana.puridi\.m2\repository\org\mockito\mockito-core\2.23.4\mockito-core-2.23.4.jar;C:\Users\saisrujana.puridi\.m2\repository\net\bytebuddy\byte-buddy-agent\1.9.10\byte-buddy-agent-1.9.10.jar;C:\Users\saisrujana.puridi\.m2\repository\org\objenesis\objenesis\2.6\objenesis-2.6.jar;C:\Users\saisrujana.puridi\.m2\repository\org\hamcrest\hamcrest-core\1.3\hamcrest-core-1.3.jar;C:\Users\saisrujana.puridi\.m2\repository\org\hamcrest\hamcrest-library\1.3\hamcrest-library-1.3.jar;C:\Users\saisrujana.puridi\.m2\repository\org\skyscreamer\jsonassert\1.5.0\jsonassert-1.5.0.jar;C:\Users\saisrujana.puridi\.m2\repository\com\vaadin\external\google\android-json\0.0.20131108.vaadin1\android-json-0.0.20131108.vaadin1.jar;C:\Users\saisrujana.puridi\.m2\repository\org\springframework\spring-core\5.1.5.RELEASE\spring-core-5.1.5.RELEASE.jar;C:\Users\saisrujana.puridi\.m2\repository\org\springframework\spring-jcl\5.1.5.RELEASE\spring-jcl-5.1.5.RELEASE.jar;C:\Users\saisrujana.puridi\.m2\repository\org\springframework\spring-test\5.1.5.RELEASE\spring-test-5.1.5.RELEASE.jar;C:\Users\saisrujana.puridi\.m2\repository\org\xmlunit\xmlunit-core\2.6.2\xmlunit-core-2.6.2.jar;C:\Users\saisrujana.puridi\.m2\repository\org\codehaus\sonar-plugins\java\sonar-jacoco-listeners\1.2\sonar-jacoco-listeners-1.2.jar;C:\Users\saisrujana.puridi\.m2\repository\com\vodafone\m2m\m2m-commons\1.2.1\m2m-commons-1.2.1.jar;C:\Users\saisrujana.puridi\.m2\repository\org\springframework\boot\spring-boot\2.1.3.RELEASE\spring-boot-2.1.3.RELEASE.jar;C:\Users\saisrujana.puridi\.m2\repository\ch\qos\logback\logback-classic\1.2.3\logback-classic-1.2.3.jar;C:\Users\saisrujana.puridi\.m2\repository\ch\qos\logback\logback-core\1.2.3\logback-core-1.2.3.jar;C:\Users\saisrujana.puridi\.m2\repository\org\springframework\spring-jms\5.1.5.RELEASE\spring-jms-5.1.5.RELEASE.jar;C:\Users\saisrujana.puridi\.m2\repository\org\springframework\spring-messaging\5.1.5.RELEASE\spring-messaging-5.1.5.RELEASE.jar;C:\Users\saisrujana.puridi\.m2\repository\org\springframework\spring-oxm\5.1.5.RELEASE\spring-oxm-5.1.5.RELEASE.jar;C:\Users\saisrujana.puridi\.m2\repository\org\springframework\boot\spring-boot-configuration-processor\2.1.3.RELEASE\spring-boot-configuration-processor-2.1.3.RELEASE.jar;C:\Users\saisrujana.puridi\.m2\repository\org\springframework\ws\spring-ws-security\3.0.6.RELEASE\spring-ws-security-3.0.6.RELEASE.jar;C:\Users\saisrujana.puridi\.m2\repository\org\springframework\ws\spring-xml\3.0.6.RELEASE\spring-xml-3.0.6.RELEASE.jar;C:\Users\saisrujana.puridi\.m2\repository\org\springframework\ws\spring-ws-core\3.0.6.RELEASE\spring-ws-core-3.0.6.RELEASE.jar;C:\Users\saisrujana.puridi\.m2\repository\net\sf\ehcache\ehcache\2.10.6\ehcache-2.10.6.jar;C:\Users\saisrujana.puridi\.m2\repository\org\apache\wss4j\wss4j-ws-security-dom\2.2.0\wss4j-ws-security-dom-2.2.0.jar;C:\Users\saisrujana.puridi\.m2\repository\org\apache\wss4j\wss4j-ws-security-common\2.2.0\wss4j-ws-security-common-2.2.0.jar;C:\Users\saisrujana.puridi\.m2\repository\org\opensaml\opensaml-saml-impl\3.3.0\opensaml-saml-impl-3.3.0.jar;C:\Users\saisrujana.puridi\.m2\repository\org\opensaml\opensaml-profile-api\3.3.0\opensaml-profile-api-3.3.0.jar;C:\Users\saisrujana.puridi\.m2\repository\org\opensaml\opensaml-core\3.3.0\opensaml-core-3.3.0.jar;C:\Users\saisrujana.puridi\.m2\repository\io\dropwizard\metrics\metrics-core\4.0.5\metrics-core-4.0.5.jar;C:\Users\saisrujana.puridi\.m2\repository\org\opensaml\opensaml-saml-api\3.3.0\opensaml-saml-api-3.3.0.jar;C:\Users\saisrujana.puridi\.m2\repository\org\opensaml\opensaml-xmlsec-api\3.3.0\opensaml-xmlsec-api-3.3.0.jar;C:\Users\saisrujana.puridi\.m2\repository\org\opensaml\opensaml-soap-api\3.3.0\opensaml-soap-api-3.3.0.jar;C:\Users\saisrujana.puridi\.m2\repository\org\opensaml\opensaml-security-impl\3.3.0\opensaml-security-impl-3.3.0.jar;C:\Users\saisrujana.puridi\.m2\repository\org\opensaml\opensaml-security-api\3.3.0\opensaml-security-api-3.3.0.jar;C:\Users\saisrujana.puridi\.m2\repository\org\cryptacular\cryptacular\1.1.1\cryptacular-1.1.1.jar;C:\Users\saisrujana.puridi\.m2\repository\org\bouncycastle\bcprov-jdk15on\1.54\bcprov-jdk15on-1.54.jar;C:\Users\saisrujana.puridi\.m2\repository\org\opensaml\opensaml-xmlsec-impl\3.3.0\opensaml-xmlsec-impl-3.3.0.jar;C:\Users\saisrujana.puridi\.m2\repository\net\shibboleth\utilities\java-support\7.3.0\java-support-7.3.0.jar;C:\Users\saisrujana.puridi\.m2\repository\com\google\guava\guava\19.0\guava-19.0.jar;C:\Users\saisrujana.puridi\.m2\repository\org\opensaml\opensaml-xacml-impl\3.3.0\opensaml-xacml-impl-3.3.0.jar;C:\Users\saisrujana.puridi\.m2\repository\org\opensaml\opensaml-xacml-api\3.3.0\opensaml-xacml-api-3.3.0.jar;C:\Users\saisrujana.puridi\.m2\repository\org\opensaml\opensaml-xacml-saml-impl\3.3.0\opensaml-xacml-saml-impl-3.3.0.jar;C:\Users\saisrujana.puridi\.m2\repository\org\opensaml\opensaml-xacml-saml-api\3.3.0\opensaml-xacml-saml-api-3.3.0.jar;C:\Users\saisrujana.puridi\.m2\repository\org\jasypt\jasypt\1.9.2\jasypt-1.9.2.jar;C:\Users\saisrujana.puridi\.m2\repository\org\apache\geronimo\javamail\geronimo-javamail_1.4_mail\1.8.4\geronimo-javamail_1.4_mail-1.8.4.jar;C:\Users\saisrujana.puridi\.m2\repository\org\apache\santuario\xmlsec\2.1.0\xmlsec-2.1.0.jar;C:\Users\saisrujana.puridi\.m2\repository\commons-codec\commons-codec\1.11\commons-codec-1.11.jar;C:\Users\saisrujana.puridi\.m2\repository\commons-io\commons-io\2.5\commons-io-2.5.jar;C:\Users\saisrujana.puridi\.m2\repository\org\apache\ws\security\wss4j\1.6.18\wss4j-1.6.18.jar;C:\Users\saisrujana.puridi\.m2\repository\commons-logging\commons-logging\1.1.1\commons-logging-1.1.1.jar;C:\Users\saisrujana.puridi\.m2\repository\org\opensaml\opensaml\2.5.1-1\opensaml-2.5.1-1.jar;C:\Users\saisrujana.puridi\.m2\repository\org\opensaml\openws\1.4.2-1\openws-1.4.2-1.jar;C:\Users\saisrujana.puridi\.m2\repository\org\opensaml\xmltooling\1.3.2-1\xmltooling-1.3.2-1.jar;C:\Users\saisrujana.puridi\.m2\repository\joda-time\joda-time\2.10.1\joda-time-2.10.1.jar;C:\Users\saisrujana.puridi\.m2\repository\org\aspectj\aspectjrt\1.9.2\aspectjrt-1.9.2.jar;C:\Users\saisrujana.puridi\.m2\repository\org\jdom\jdom2\2.0.6\jdom2-2.0.6.jar;C:\Users\saisrujana.puridi\.m2\repository\jaxen\jaxen\1.1.6\jaxen-1.1.6.jar;C:\Users\saisrujana.puridi\.m2\repository\com\sun\xml\messaging\saaj\saaj-impl\1.5.0\saaj-impl-1.5.0.jar;C:\Users\saisrujana.puridi\.m2\repository\javax\xml\soap\javax.xml.soap-api\1.4.0\javax.xml.soap-api-1.4.0.jar;C:\Users\saisrujana.puridi\.m2\repository\org\jvnet\mimepull\mimepull\1.9.11\mimepull-1.9.11.jar;C:\Users\saisrujana.puridi\.m2\repository\org\jvnet\staxex\stax-ex\1.8\stax-ex-1.8.jar;C:\Users\saisrujana.puridi\.m2\repository\javax\activation\activation\1.1\activation-1.1.jar;C:\Users\saisrujana.puridi\.m2\repository\javax\jms\javax.jms-api\2.0.1\javax.jms-api-2.0.1.jar;C:\Users\saisrujana.puridi\.m2\repository\org\springframework\boot\spring-boot-starter-actuator\2.1.3.RELEASE\spring-boot-starter-actuator-2.1.3.RELEASE.jar;C:\Users\saisrujana.puridi\.m2\repository\org\springframework\boot\spring-boot-actuator-autoconfigure\2.1.3.RELEASE\spring-boot-actuator-autoconfigure-2.1.3.RELEASE.jar;C:\Users\saisrujana.puridi\.m2\repository\org\springframework\boot\spring-boot-actuator\2.1.3.RELEASE\spring-boot-actuator-2.1.3.RELEASE.jar;C:\Users\saisrujana.puridi\.m2\repository\io\micrometer\micrometer-core\1.1.3\micrometer-core-1.1.3.jar;C:\Users\saisrujana.puridi\.m2\repository\org\hdrhistogram\HdrHistogram\2.1.9\HdrHistogram-2.1.9.jar;C:\Users\saisrujana.puridi\.m2\repository\org\latencyutils\LatencyUtils\2.0.3\LatencyUtils-2.0.3.jar;"/>
    <property name="sun.cpu.endian" value="little"/>
    <property name="user.home" value="C:\Users\saisrujana.puridi"/>
    <property name="user.language" value="en"/>
    <property name="java.specification.vendor" value="Oracle Corporation"/>
    <property name="java.home" value="C:\Program Files\Java\jdk1.8.0_141\jre"/>
    <property name="basedir" value="C:\GDSP\ProvisioningReArchitecture\DemoCICDService\demo-cicd-service"/>
    <property name="file.separator" value="\"/>
    <property name="line.separator" value="&#10;"/>
    <property name="java.vm.specification.vendor" value="Oracle Corporation"/>
    <property name="java.specification.name" value="Java Platform API Specification"/>
    <property name="java.awt.graphicsenv" value="sun.awt.Win32GraphicsEnvironment"/>
    <property name="surefire.real.class.path" value="C:\Users\SAISRU~1.PUR\AppData\Local\Temp\surefire7722342427173781088\surefirebooter7973208317259220036.jar;C:\\Users\\saisrujana.puridi\\.m2\\repository\\org\\jacoco\\org.jacoco.agent\\0.8.3\\org.jacoco.agent-0.8.3-runtime.jar"/>
    <property name="sun.boot.class.path" value="C:\Program Files\Java\jdk1.8.0_141\jre\lib\resources.jar;C:\Program Files\Java\jdk1.8.0_141\jre\lib\rt.jar;C:\Program Files\Java\jdk1.8.0_141\jre\lib\sunrsasign.jar;C:\Program Files\Java\jdk1.8.0_141\jre\lib\jsse.jar;C:\Program Files\Java\jdk1.8.0_141\jre\lib\jce.jar;C:\Program Files\Java\jdk1.8.0_141\jre\lib\charsets.jar;C:\Program Files\Java\jdk1.8.0_141\jre\lib\jfr.jar;C:\Program Files\Java\jdk1.8.0_141\jre\classes"/>
    <property name="user.script" value=""/>
    <property name="sun.management.compiler" value="HotSpot 64-Bit Tiered Compilers"/>
    <property name="java.runtime.version" value="1.8.0_141-b15"/>
    <property name="user.name" value="saisrujana.puridi"/>
    <property name="path.separator" value=";"/>
    <property name="os.version" value="10.0"/>
    <property name="java.endorsed.dirs" value="C:\Program Files\Java\jdk1.8.0_141\jre\lib\endorsed"/>
    <property name="java.runtime.name" value="Java(TM) SE Runtime Environment"/>
    <property name="file.encoding" value="Cp1252"/>
    <property name="java.vm.name" value="Java HotSpot(TM) 64-Bit Server VM"/>
    <property name="localRepository" value="C:\Users\saisrujana.puridi\.m2\repository"/>
    <property name="java.vendor.url.bug" value="http://bugreport.sun.com/bugreport/"/>
    <property name="java.io.tmpdir" value="C:\Users\SAISRU~1.PUR\AppData\Local\Temp\"/>
    <property name="java.version" value="1.8.0_141"/>
    <property name="user.dir" value="C:\GDSP\ProvisioningReArchitecture\DemoCICDService\demo-cicd-service"/>
    <property name="os.arch" value="amd64"/>
    <property name="java.vm.specification.name" value="Java Virtual Machine Specification"/>
    <property name="java.awt.printerjob" value="sun.awt.windows.WPrinterJob"/>
    <property name="sun.os.patch.level" value=""/>
    <property name="java.library.path" value="C:\Program Files\Java\jdk1.8.0_141\jre\bin;C:\WINDOWS\Sun\Java\bin;C:\WINDOWS\system32;C:\WINDOWS;C:/Program Files/Java/jre1.8.0_201/bin/server;C:/Program Files/Java/jre1.8.0_201/bin;C:/Program Files/Java/jre1.8.0_201/lib/amd64;C:\Program Files\Docker\Docker\Resources\bin;C:\Program Files (x86)\Common Files\Oracle\Java\javapath;C:\Windows\system32;C:\Windows;C:\Windows\System32\Wbem;C:\Windows\System32\WindowsPowerShell\v1.0\;C:\Program Files (x86)\WebEx\Productivity Tools;C:\Program Files\TortoiseSVN\bin;C:\Program Files\TortoiseGit\bin;C:\Program Files\PuTTY\;C:\Program Files\Java\jdk1.8.0_141\bin;C:\apache-maven-3.6.0\bin;;C:\WINDOWS\system32;C:\WINDOWS;C:\WINDOWS\System32\Wbem;C:\WINDOWS\System32\WindowsPowerShell\v1.0\;C:\WINDOWS\System32\OpenSSH\;C:\Program Files (x86)\Symantec\VIP Access Client\;C:\Program Files (x86)\Bitvise SSH Client;C:\Program Files\Kubernetes\Minikube;C:\Program Files\nodejs\;C:\Users\saisrujana.puridi\AppData\Local\Microsoft\WindowsApps;C:\Users\saisrujana.puridi\AppData\Local\Programs\Git\cmd;C:\Users\saisrujana.puridi\AppData\Roaming\npm;C:\Users\saisrujana.puridi\AppData\Local\Programs\VSCodium\bin;C:\psrujana\CGI\Software\spring-tool-suite-3.8.4.RELEASE-e4.6.3-win32-x86_64\sts-bundle\sts-3.8.4.RELEASE;;."/>
    <property name="java.vm.info" value="mixed mode"/>
    <property name="java.vendor" value="Oracle Corporation"/>
    <property name="java.vm.version" value="25.141-b15"/>
    <property name="java.ext.dirs" value="C:\Program Files\Java\jdk1.8.0_141\jre\lib\ext;C:\WINDOWS\Sun\Java\lib\ext"/>
    <property name="sun.io.unicode.encoding" value="UnicodeLittle"/>
    <property name="java.class.version" value="52.0"/>
  </properties>
  <testcase name="getEntityTest" classname="com.vodafone.iot.gdsp.demoCICD.repository.SampleEntityRepositoryTests" time="0.015"/>
  <testcase name="creatEntityTest" classname="com.vodafone.iot.gdsp.demoCICD.repository.SampleEntityRepositoryTests" time="0.017"/>
  <testcase name="deleteEntityTest" classname="com.vodafone.iot.gdsp.demoCICD.repository.SampleEntityRepositoryTests" time="0.027"/>
</testsuite>